2026-07-02 09:04:21.343 -06:00 [INF] Saved 161 entities to in-memory store.
2026-07-02 09:04:21.411 -06:00 [INF] User profile is available. Using 'C:\Users\OscarPoveda\AppData\Local\ASP.NET\DataProtection-Keys' as key repository and Windows DPAPI to encrypt keys at rest.
2026-07-02 09:04:21.571 -06:00 [INF] Now listening on: https://localhost:5001
2026-07-02 09:04:21.573 -06:00 [INF] Now listening on: http://localhost:5000
2026-07-02 09:04:21.578 -06:00 [INF] No action descriptors found. This may indicate an incorrectly configured application or missing application parts. To learn more, visit https://aka.ms/aspnet/mvc/app-parts
2026-07-02 09:04:21.596 -06:00 [INF] Application started. Press Ctrl+C to shut down.
2026-07-02 09:04:21.597 -06:00 [INF] Hosting environment: Development
2026-07-02 09:04:21.598 -06:00 [INF] Content root path: C:\Users\OscarPoveda\Documents\code\ProductCatalog.Blazor
2026-07-02 09:04:21.990 -06:00 [INF] Request starting HTTP/2 GET https://localhost:5001/ - null null
2026-07-02 09:04:22.070 -06:00 [INF] Executing endpoint '/ (/)'
2026-07-02 09:04:22.283 -06:00 [INF] Executed endpoint '/ (/)'
2026-07-02 09:04:22.289 -06:00 [INF] HTTP GET / responded 200 in 221.7605 ms
2026-07-02 09:04:22.298 -06:00 [INF] Request starting HTTP/2 GET https://localhost:5001/_vs/browserLink - null null
2026-07-02 09:04:22.298 -06:00 [INF] Request starting HTTP/2 GET https://localhost:5001/_content/MudBlazor/MudBlazor.min.css - null null
2026-07-02 09:04:22.298 -06:00 [INF] Request starting HTTP/2 GET https://localhost:5001/_content/MudBlazor/MudBlazor.min.js - null null
2026-07-02 09:04:22.298 -06:00 [INF] Request starting HTTP/2 GET https://localhost:5001/_framework/blazor.web.js - null null
2026-07-02 09:04:22.298 -06:00 [INF] Request starting HTTP/2 GET https://localhost:5001/css/app.css - null null
2026-07-02 09:04:22.299 -06:00 [INF] Request starting HTTP/2 GET https://localhost:5001/_framework/aspnetcore-browser-refresh.js - null null
2026-07-02 09:04:22.310 -06:00 [INF] Executing endpoint 'Microsoft.AspNetCore.Routing.RouteEndpoint'
2026-07-02 09:04:22.310 -06:00 [INF] Executing endpoint 'Microsoft.AspNetCore.Routing.RouteEndpoint'
2026-07-02 09:04:22.312 -06:00 [INF] Executing endpoint 'Microsoft.AspNetCore.Routing.RouteEndpoint'
2026-07-02 09:04:22.316 -06:00 [INF] Executing endpoint 'Microsoft.AspNetCore.Routing.RouteEndpoint'
2026-07-02 09:04:22.317 -06:00 [INF] Request finished HTTP/2 GET https://localhost:5001/ - 200 null text/html; charset=utf-8 328.5325ms
2026-07-02 09:04:22.322 -06:00 [INF] Request finished HTTP/2 GET https://localhost:5001/_framework/aspnetcore-browser-refresh.js - 200 14947 application/javascript; charset=utf-8 23.2531ms
2026-07-02 09:04:22.326 -06:00 [INF] Request finished HTTP/2 GET https://localhost:5001/_vs/browserLink - 200 null text/javascript; charset=UTF-8 28.0852ms
2026-07-02 09:04:22.331 -06:00 [INF] Sending file. Request path: 'css/app.css'. Physical path: 'C:\Users\OscarPoveda\Documents\code\ProductCatalog.Blazor\obj\Debug\net10.0\compressed\0ra7lutdlg-{0}-txgxfq1g62-txgxfq1g62.gz'
2026-07-02 09:04:22.333 -06:00 [INF] Sending file. Request path: '_framework/blazor.web.js'. Physical path: 'C:\Users\OscarPoveda\Documents\code\ProductCatalog.Blazor\obj\Debug\net10.0\compressed\sv50oafxhu-{0}-ne14ti1q68-ne14ti1q68.gz'
2026-07-02 09:04:22.333 -06:00 [INF] Sending file. Request path: '_content/MudBlazor/MudBlazor.min.css'. Physical path: 'C:\Users\OscarPoveda\Documents\code\ProductCatalog.Blazor\obj\Debug\net10.0\compressed\tzxjg6is5z-{0}-nq21ts4qye-nq21ts4qye.gz'
2026-07-02 09:04:22.336 -06:00 [INF] Sending file. Request path: '_content/MudBlazor/MudBlazor.min.js'. Physical path: 'C:\Users\OscarPoveda\Documents\code\ProductCatalog.Blazor\obj\Debug\net10.0\compressed\0wz98yz2xy-{0}-cf158k2j5i-cf158k2j5i.gz'
2026-07-02 09:04:22.337 -06:00 [INF] Executed endpoint 'Microsoft.AspNetCore.Routing.RouteEndpoint'
2026-07-02 09:04:22.338 -06:00 [INF] Executed endpoint 'Microsoft.AspNetCore.Routing.RouteEndpoint'
2026-07-02 09:04:22.338 -06:00 [INF] Executed endpoint 'Microsoft.AspNetCore.Routing.RouteEndpoint'
2026-07-02 09:04:22.339 -06:00 [INF] Executed endpoint 'Microsoft.AspNetCore.Routing.RouteEndpoint'
2026-07-02 09:04:22.339 -06:00 [INF] HTTP GET /css/app.css responded 200 in 23.5308 ms
2026-07-02 09:04:22.340 -06:00 [INF] HTTP GET /_framework/blazor.web.js responded 200 in 28.1229 ms
2026-07-02 09:04:22.340 -06:00 [INF] HTTP GET /_content/MudBlazor/MudBlazor.min.css responded 200 in 30.5041 ms
2026-07-02 09:04:22.341 -06:00 [INF] HTTP GET /_content/MudBlazor/MudBlazor.min.js responded 200 in 30.9385 ms
2026-07-02 09:04:22.342 -06:00 [INF] Request finished HTTP/2 GET https://localhost:5001/css/app.css - 200 294 text/css 43.3447ms
2026-07-02 09:04:22.342 -06:00 [INF] Request finished HTTP/2 GET https://localhost:5001/_framework/blazor.web.js - 200 55139 text/javascript 44.2785ms
2026-07-02 09:04:22.343 -06:00 [INF] Request finished HTTP/2 GET https://localhost:5001/_content/MudBlazor/MudBlazor.min.css - 200 65613 text/css 45.1378ms
2026-07-02 09:04:22.344 -06:00 [INF] Request finished HTTP/2 GET https://localhost:5001/_content/MudBlazor/MudBlazor.min.js - 200 65700 text/javascript 45.9391ms
2026-07-02 09:04:22.453 -06:00 [INF] Request starting HTTP/2 GET https://localhost:5001/_blazor/initializers - null null
2026-07-02 09:04:22.460 -06:00 [INF] Executing endpoint 'Microsoft.AspNetCore.Routing.RouteEndpoint'
2026-07-02 09:04:22.466 -06:00 [INF] Executed endpoint 'Microsoft.AspNetCore.Routing.RouteEndpoint'
2026-07-02 09:04:22.468 -06:00 [INF] HTTP GET /_blazor/initializers responded 200 in 7.3999 ms
2026-07-02 09:04:22.471 -06:00 [INF] Request finished HTTP/2 GET https://localhost:5001/_blazor/initializers - 200 null application/json; charset=utf-8 17.8583ms
2026-07-02 09:04:22.785 -06:00 [INF] Request starting HTTP/2 POST https://localhost:5001/_blazor/negotiate?negotiateVersion=1 - null 0
2026-07-02 09:04:22.789 -06:00 [INF] Executing endpoint 'Microsoft.AspNetCore.Routing.RouteEndpoint'
2026-07-02 09:04:22.794 -06:00 [INF] Executed endpoint 'Microsoft.AspNetCore.Routing.RouteEndpoint'
2026-07-02 09:04:22.796 -06:00 [INF] HTTP POST /_blazor/negotiate responded 200 in 7.4817 ms
2026-07-02 09:04:22.798 -06:00 [INF] Request finished HTTP/2 POST https://localhost:5001/_blazor/negotiate?negotiateVersion=1 - 200 316 application/json 13.644ms
2026-07-02 09:04:22.805 -06:00 [INF] Request starting HTTP/2 CONNECT https://localhost:5001/_blazor?id=NJU-bzTdvCGuBLuzzZlIVQ - null null
2026-07-02 09:04:22.807 -06:00 [INF] Executing endpoint 'Microsoft.AspNetCore.Routing.RouteEndpoint'
2026-07-02 09:04:25.614 -06:00 [INF] Request starting HTTP/2 GET https://localhost:5001/images/product-details/10446729.jpg - null null
2026-07-02 09:04:25.621 -06:00 [INF] Executing endpoint 'Microsoft.AspNetCore.Routing.RouteEndpoint'
2026-07-02 09:04:25.624 -06:00 [INF] The file images/product-details/10446729.jpg was not modified
2026-07-02 09:04:25.628 -06:00 [INF] Executed endpoint 'Microsoft.AspNetCore.Routing.RouteEndpoint'
2026-07-02 09:04:25.632 -06:00 [INF] HTTP GET /images/product-details/10446729.jpg responded 304 in 10.7022 ms
2026-07-02 09:04:25.637 -06:00 [INF] Request finished HTTP/2 GET https://localhost:5001/images/product-details/10446729.jpg - 304 null image/jpeg 22.7048ms
2026-07-02 09:04:27.975 -06:00 [INF] Request starting HTTP/2 POST https://localhost:5001/_blazor/disconnect - multipart/form-data; boundary=----WebKitFormBoundaryotgt1y1zmgL0uG6P 359
2026-07-02 09:04:27.986 -06:00 [INF] Executing endpoint 'Microsoft.AspNetCore.Routing.RouteEndpoint'
2026-07-02 09:04:28.027 -06:00 [INF] Executed endpoint 'Microsoft.AspNetCore.Routing.RouteEndpoint'
2026-07-02 09:04:28.034 -06:00 [INF] HTTP CONNECT /_blazor responded 200 in 5227.8601 ms
2026-07-02 09:04:28.040 -06:00 [INF] Request finished HTTP/2 CONNECT https://localhost:5001/_blazor?id=NJU-bzTdvCGuBLuzzZlIVQ - 200 null null 5234.6126ms
2026-07-02 09:04:28.059 -06:00 [INF] Executed endpoint 'Microsoft.AspNetCore.Routing.RouteEndpoint'
2026-07-02 09:04:28.061 -06:00 [INF] HTTP POST /_blazor/disconnect responded 200 in 75.1961 ms
2026-07-02 09:04:28.064 -06:00 [INF] Request finished HTTP/2 POST https://localhost:5001/_blazor/disconnect - 200 0 null 89.0185ms
2026-07-02 09:05:25.779 -06:00 [INF] Application is shutting down...
2026-07-02 09:10:26.882 -06:00 [INF] Saved 161 entities to in-memory store.
2026-07-02 09:10:26.941 -06:00 [INF] User profile is available. Using 'C:\Users\OscarPoveda\AppData\Local\ASP.NET\DataProtection-Keys' as key repository and Windows DPAPI to encrypt keys at rest.
2026-07-02 09:10:27.081 -06:00 [INF] Now listening on: https://localhost:5001
2026-07-02 09:10:27.083 -06:00 [INF] Now listening on: http://localhost:5000
2026-07-02 09:10:27.085 -06:00 [INF] Application started. Press Ctrl+C to shut down.
2026-07-02 09:10:27.086 -06:00 [INF] Hosting environment: Development
2026-07-02 09:10:27.086 -06:00 [INF] Content root path: C:\Users\OscarPoveda\Documents\code\ProductCatalog.Blazor
2026-07-02 09:10:39.593 -06:00 [INF] Request starting HTTP/2 GET https://localhost:5001/ - null null
2026-07-02 09:10:39.657 -06:00 [INF] Executing endpoint '/ (/)'
2026-07-02 09:10:40.013 -06:00 [INF] Executed endpoint '/ (/)'
2026-07-02 09:10:40.019 -06:00 [INF] Request starting HTTP/2 GET https://localhost:5001/_content/MudBlazor/MudBlazor.min.js - null null
2026-07-02 09:10:40.019 -06:00 [INF] Request starting HTTP/2 GET https://localhost:5001/css/app.css - null null
2026-07-02 09:10:40.019 -06:00 [INF] Request starting HTTP/2 GET https://localhost:5001/_content/MudBlazor/MudBlazor.min.css - null null
2026-07-02 09:10:40.018 -06:00 [INF] HTTP GET / responded 200 in 363.8836 ms
2026-07-02 09:10:40.019 -06:00 [INF] Request starting HTTP/2 GET https://localhost:5001/_framework/blazor.web.js - null null
2026-07-02 09:10:40.027 -06:00 [INF] Executing endpoint 'Microsoft.AspNetCore.Routing.RouteEndpoint'
2026-07-02 09:10:40.027 -06:00 [INF] Executing endpoint 'Microsoft.AspNetCore.Routing.RouteEndpoint'
2026-07-02 09:10:40.027 -06:00 [INF] Executing endpoint 'Microsoft.AspNetCore.Routing.RouteEndpoint'
2026-07-02 09:10:40.031 -06:00 [INF] Executing endpoint 'Microsoft.AspNetCore.Routing.RouteEndpoint'
2026-07-02 09:10:40.041 -06:00 [INF] The file css/app.css was not modified
2026-07-02 09:10:40.041 -06:00 [INF] The file _framework/blazor.web.js was not modified
2026-07-02 09:10:40.041 -06:00 [INF] The file _content/MudBlazor/MudBlazor.min.css was not modified
2026-07-02 09:10:40.042 -06:00 [INF] Executed endpoint 'Microsoft.AspNetCore.Routing.RouteEndpoint'
2026-07-02 09:10:40.043 -06:00 [INF] Executed endpoint 'Microsoft.AspNetCore.Routing.RouteEndpoint'
2026-07-02 09:10:40.044 -06:00 [INF] Executed endpoint 'Microsoft.AspNetCore.Routing.RouteEndpoint'
2026-07-02 09:10:40.045 -06:00 [INF] HTTP GET /css/app.css responded 304 in 18.0466 ms
2026-07-02 09:10:40.045 -06:00 [INF] HTTP GET /_framework/blazor.web.js responded 304 in 14.3843 ms
2026-07-02 09:10:40.046 -06:00 [INF] HTTP GET /_content/MudBlazor/MudBlazor.min.css responded 304 in 19.5392 ms
2026-07-02 09:10:40.048 -06:00 [INF] Request finished HTTP/2 GET https://localhost:5001/css/app.css - 304 null text/css 28.4228ms
2026-07-02 09:10:40.050 -06:00 [INF] Request finished HTTP/2 GET https://localhost:5001/_framework/blazor.web.js - 304 null text/javascript 30.6644ms
2026-07-02 09:10:40.055 -06:00 [INF] Request finished HTTP/2 GET https://localhost:5001/_content/MudBlazor/MudBlazor.min.css - 304 null text/css 35.6141ms
2026-07-02 09:10:40.064 -06:00 [INF] Sending file. Request path: '_content/MudBlazor/MudBlazor.min.js'. Physical path: 'C:\Users\OscarPoveda\Documents\code\ProductCatalog.Blazor\obj\Debug\net10.0\compressed\0wz98yz2xy-{0}-cf158k2j5i-cf158k2j5i.gz'
2026-07-02 09:10:40.069 -06:00 [INF] Request finished HTTP/2 GET https://localhost:5001/ - 200 null text/html; charset=utf-8 477.3007ms
2026-07-02 09:10:40.073 -06:00 [INF] Executed endpoint 'Microsoft.AspNetCore.Routing.RouteEndpoint'
2026-07-02 09:10:40.076 -06:00 [INF] HTTP GET /_content/MudBlazor/MudBlazor.min.js responded 200 in 49.3852 ms
2026-07-02 09:10:40.078 -06:00 [INF] Request finished HTTP/2 GET https://localhost:5001/_content/MudBlazor/MudBlazor.min.js - 200 65700 text/javascript 59.1259ms
2026-07-02 09:10:40.099 -06:00 [INF] Request starting HTTP/2 GET https://localhost:5001/_blazor/initializers - null null
2026-07-02 09:10:40.107 -06:00 [INF] Executing endpoint 'Microsoft.AspNetCore.Routing.RouteEndpoint'
2026-07-02 09:10:40.112 -06:00 [INF] Executed endpoint 'Microsoft.AspNetCore.Routing.RouteEndpoint'
2026-07-02 09:10:40.113 -06:00 [INF] HTTP GET /_blazor/initializers responded 200 in 6.0423 ms
2026-07-02 09:10:40.114 -06:00 [INF] Request finished HTTP/2 GET https://localhost:5001/_blazor/initializers - 200 null application/json; charset=utf-8 15.8431ms
2026-07-02 09:10:40.439 -06:00 [INF] Request starting HTTP/2 POST https://localhost:5001/_blazor/negotiate?negotiateVersion=1 - null 0
2026-07-02 09:10:40.442 -06:00 [INF] Executing endpoint 'Microsoft.AspNetCore.Routing.RouteEndpoint'
2026-07-02 09:10:40.447 -06:00 [INF] Executed endpoint 'Microsoft.AspNetCore.Routing.RouteEndpoint'
2026-07-02 09:10:40.448 -06:00 [INF] HTTP POST /_blazor/negotiate responded 200 in 6.4692 ms
2026-07-02 09:10:40.451 -06:00 [INF] Request finished HTTP/2 POST https://localhost:5001/_blazor/negotiate?negotiateVersion=1 - 200 316 application/json 11.9161ms
2026-07-02 09:10:40.463 -06:00 [INF] Request starting HTTP/2 CONNECT https://localhost:5001/_blazor?id=rCMTqSMoPGWgj9twLBebJQ - null null
2026-07-02 09:10:40.465 -06:00 [INF] Executing endpoint 'Microsoft.AspNetCore.Routing.RouteEndpoint'
2026-07-02 09:10:44.865 -06:00 [INF] Request starting HTTP/2 GET https://localhost:5001/images/product-details/10446729.jpg - null null
2026-07-02 09:10:44.869 -06:00 [INF] Executing endpoint 'Microsoft.AspNetCore.Routing.RouteEndpoint'
2026-07-02 09:10:44.872 -06:00 [INF] The file images/product-details/10446729.jpg was not modified
2026-07-02 09:10:44.873 -06:00 [INF] Executed endpoint 'Microsoft.AspNetCore.Routing.RouteEndpoint'
2026-07-02 09:10:44.874 -06:00 [INF] HTTP GET /images/product-details/10446729.jpg responded 304 in 4.5132 ms
2026-07-02 09:10:44.875 -06:00 [INF] Request finished HTTP/2 GET https://localhost:5001/images/product-details/10446729.jpg - 304 null image/jpeg 10.27ms
2026-07-02 09:20:50.833 -06:00 [INF] Request starting HTTP/2 POST https://localhost:5001/_blazor/negotiate?negotiateVersion=1 - null 0
2026-07-02 09:20:50.835 -06:00 [INF] Application is shutting down...
2026-07-02 09:20:50.835 -06:00 [INF] Executed endpoint 'Microsoft.AspNetCore.Routing.RouteEndpoint'
2026-07-02 09:20:50.835 -06:00 [INF] Executing endpoint 'Microsoft.AspNetCore.Routing.RouteEndpoint'
2026-07-02 09:20:50.836 -06:00 [INF] HTTP CONNECT /_blazor responded 200 in 610371.4070 ms
2026-07-02 09:20:50.837 -06:00 [INF] Executed endpoint 'Microsoft.AspNetCore.Routing.RouteEndpoint'
2026-07-02 09:20:50.840 -06:00 [INF] Request finished HTTP/2 CONNECT https://localhost:5001/_blazor?id=rCMTqSMoPGWgj9twLBebJQ - 200 null null 610377.1438ms
2026-07-02 09:20:50.841 -06:00 [INF] HTTP POST /_blazor/negotiate responded 200 in 5.6745 ms
2026-07-02 09:20:50.845 -06:00 [INF] Connection id "0HNMO9G9T9IO5", Request id "0HNMO9G9T9IO5:0000000F": the application completed without reading the entire request body.
2026-07-02 09:20:50.845 -06:00 [INF] Request finished HTTP/2 POST https://localhost:5001/_blazor/negotiate?negotiateVersion=1 - 200 316 application/json 12.5311ms
2026-07-02 09:29:32.645 -06:00 [INF] Saved 161 entities to in-memory store.
2026-07-02 09:29:32.719 -06:00 [INF] User profile is available. Using 'C:\Users\OscarPoveda\AppData\Local\ASP.NET\DataProtection-Keys' as key repository and Windows DPAPI to encrypt keys at rest.
2026-07-02 09:29:32.917 -06:00 [INF] Now listening on: https://localhost:5001
2026-07-02 09:29:32.919 -06:00 [INF] Now listening on: http://localhost:5000
2026-07-02 09:29:32.927 -06:00 [INF] No action descriptors found. This may indicate an incorrectly configured application or missing application parts. To learn more, visit https://aka.ms/aspnet/mvc/app-parts
2026-07-02 09:29:32.947 -06:00 [INF] Application started. Press Ctrl+C to shut down.
2026-07-02 09:29:32.948 -06:00 [INF] Hosting environment: Development
2026-07-02 09:29:32.949 -06:00 [INF] Content root path: C:\Users\OscarPoveda\Documents\code\ProductCatalog.Blazor
2026-07-02 09:29:33.602 -06:00 [INF] Request starting HTTP/2 GET https://localhost:5001/ - null null
2026-07-02 09:29:33.778 -06:00 [INF] Executing endpoint '/ (/)'
2026-07-02 09:29:34.062 -06:00 [INF] Executed endpoint '/ (/)'
2026-07-02 09:29:34.066 -06:00 [INF] Request starting HTTP/2 GET https://localhost:5001/_content/MudBlazor/MudBlazor.min.js - null null
2026-07-02 09:29:34.066 -06:00 [INF] Request starting HTTP/2 GET https://localhost:5001/_content/MudBlazor/MudBlazor.min.css - null null
2026-07-02 09:29:34.066 -06:00 [INF] Request starting HTTP/2 GET https://localhost:5001/_framework/blazor.web.js - null null
2026-07-02 09:29:34.066 -06:00 [INF] Request starting HTTP/2 GET https://localhost:5001/css/app.css - null null
2026-07-02 09:29:34.068 -06:00 [INF] Request starting HTTP/2 GET https://localhost:5001/_vs/browserLink - null null
2026-07-02 09:29:34.068 -06:00 [INF] Request starting HTTP/2 GET https://localhost:5001/_framework/aspnetcore-browser-refresh.js - null null
2026-07-02 09:29:34.070 -06:00 [INF] HTTP GET / responded 200 in 293.4684 ms
2026-07-02 09:29:34.078 -06:00 [INF] Executing endpoint 'Microsoft.AspNetCore.Routing.RouteEndpoint'
2026-07-02 09:29:34.084 -06:00 [INF] Executing endpoint 'Microsoft.AspNetCore.Routing.RouteEndpoint'
2026-07-02 09:29:34.099 -06:00 [INF] Executing endpoint 'Microsoft.AspNetCore.Routing.RouteEndpoint'
2026-07-02 09:29:34.102 -06:00 [INF] Executing endpoint 'Microsoft.AspNetCore.Routing.RouteEndpoint'
2026-07-02 09:29:34.121 -06:00 [INF] Request finished HTTP/2 GET https://localhost:5001/_framework/aspnetcore-browser-refresh.js - 200 14947 application/javascript; charset=utf-8 52.2937ms
2026-07-02 09:29:34.156 -06:00 [INF] Sending file. Request path: 'css/app.css'. Physical path: 'C:\Users\OscarPoveda\Documents\code\ProductCatalog.Blazor\obj\Debug\net10.0\compressed\0ra7lutdlg-{0}-txgxfq1g62-txgxfq1g62.gz'
2026-07-02 09:29:34.156 -06:00 [INF] Sending file. Request path: '_content/MudBlazor/MudBlazor.min.js'. Physical path: 'C:\Users\OscarPoveda\Documents\code\ProductCatalog.Blazor\obj\Debug\net10.0\compressed\0wz98yz2xy-{0}-cf158k2j5i-cf158k2j5i.gz'
2026-07-02 09:29:34.156 -06:00 [INF] Sending file. Request path: '_content/MudBlazor/MudBlazor.min.css'. Physical path: 'C:\Users\OscarPoveda\Documents\code\ProductCatalog.Blazor\obj\Debug\net10.0\compressed\tzxjg6is5z-{0}-nq21ts4qye-nq21ts4qye.gz'
2026-07-02 09:29:34.156 -06:00 [INF] Sending file. Request path: '_framework/blazor.web.js'. Physical path: 'C:\Users\OscarPoveda\Documents\code\ProductCatalog.Blazor\obj\Debug\net10.0\compressed\sv50oafxhu-{0}-ne14ti1q68-ne14ti1q68.gz'
2026-07-02 09:29:34.160 -06:00 [INF] Request finished HTTP/2 GET https://localhost:5001/ - 200 null text/html; charset=utf-8 560.0373ms
2026-07-02 09:29:34.164 -06:00 [INF] Executed endpoint 'Microsoft.AspNetCore.Routing.RouteEndpoint'
2026-07-02 09:29:34.167 -06:00 [INF] Executed endpoint 'Microsoft.AspNetCore.Routing.RouteEndpoint'
2026-07-02 09:29:34.170 -06:00 [INF] Executed endpoint 'Microsoft.AspNetCore.Routing.RouteEndpoint'
2026-07-02 09:29:34.173 -06:00 [INF] Executed endpoint 'Microsoft.AspNetCore.Routing.RouteEndpoint'
2026-07-02 09:29:34.173 -06:00 [INF] Request finished HTTP/2 GET https://localhost:5001/_vs/browserLink - 200 null text/javascript; charset=UTF-8 104.8146ms
2026-07-02 09:29:34.181 -06:00 [INF] HTTP GET /css/app.css responded 200 in 78.9486 ms
2026-07-02 09:29:34.183 -06:00 [INF] HTTP GET /_content/MudBlazor/MudBlazor.min.js responded 200 in 105.1439 ms
2026-07-02 09:29:34.185 -06:00 [INF] HTTP GET /_content/MudBlazor/MudBlazor.min.css responded 200 in 101.3545 ms
2026-07-02 09:29:34.187 -06:00 [INF] HTTP GET /_framework/blazor.web.js responded 200 in 88.1218 ms
2026-07-02 09:29:34.195 -06:00 [INF] Request finished HTTP/2 GET https://localhost:5001/css/app.css - 200 294 text/css 129.5363ms
2026-07-02 09:29:34.201 -06:00 [INF] Request finished HTTP/2 GET https://localhost:5001/_content/MudBlazor/MudBlazor.min.js - 200 65700 text/javascript 135.5449ms
2026-07-02 09:29:34.206 -06:00 [INF] Request finished HTTP/2 GET https://localhost:5001/_content/MudBlazor/MudBlazor.min.css - 200 65613 text/css 139.7011ms
2026-07-02 09:29:34.210 -06:00 [INF] Request finished HTTP/2 GET https://localhost:5001/_framework/blazor.web.js - 200 55139 text/javascript 144.4251ms
2026-07-02 09:29:34.311 -06:00 [INF] Request starting HTTP/2 GET https://localhost:5001/_blazor/initializers - null null
2026-07-02 09:29:34.319 -06:00 [INF] Executing endpoint 'Microsoft.AspNetCore.Routing.RouteEndpoint'
2026-07-02 09:29:34.322 -06:00 [INF] Executed endpoint 'Microsoft.AspNetCore.Routing.RouteEndpoint'
2026-07-02 09:29:34.325 -06:00 [INF] HTTP GET /_blazor/initializers responded 200 in 5.6978 ms
2026-07-02 09:29:34.329 -06:00 [INF] Request finished HTTP/2 GET https://localhost:5001/_blazor/initializers - 200 null application/json; charset=utf-8 17.9887ms
2026-07-02 09:29:34.737 -06:00 [INF] Request starting HTTP/2 POST https://localhost:5001/_blazor/negotiate?negotiateVersion=1 - null 0
2026-07-02 09:29:34.743 -06:00 [INF] Executing endpoint 'Microsoft.AspNetCore.Routing.RouteEndpoint'
2026-07-02 09:29:34.753 -06:00 [INF] Executed endpoint 'Microsoft.AspNetCore.Routing.RouteEndpoint'
2026-07-02 09:29:34.755 -06:00 [INF] HTTP POST /_blazor/negotiate responded 200 in 12.7348 ms
2026-07-02 09:29:34.759 -06:00 [INF] Request finished HTTP/2 POST https://localhost:5001/_blazor/negotiate?negotiateVersion=1 - 200 316 application/json 22.1455ms
2026-07-02 09:29:34.763 -06:00 [INF] Request starting HTTP/2 POST https://localhost:5001/_blazor/negotiate?negotiateVersion=1 - null 0
2026-07-02 09:29:34.763 -06:00 [INF] Request starting HTTP/2 CONNECT https://localhost:5001/_blazor?id=x-AXYethFgDzpNcsaPIVeg - null null
2026-07-02 09:29:34.772 -06:00 [INF] Executing endpoint 'Microsoft.AspNetCore.Routing.RouteEndpoint'
2026-07-02 09:29:34.777 -06:00 [INF] Executing endpoint 'Microsoft.AspNetCore.Routing.RouteEndpoint'
2026-07-02 09:29:34.780 -06:00 [INF] Executed endpoint 'Microsoft.AspNetCore.Routing.RouteEndpoint'
2026-07-02 09:29:34.783 -06:00 [INF] HTTP POST /_blazor/negotiate responded 200 in 11.4893 ms
2026-07-02 09:29:34.787 -06:00 [INF] Request finished HTTP/2 POST https://localhost:5001/_blazor/negotiate?negotiateVersion=1 - 200 316 application/json 24.0101ms
2026-07-02 09:29:34.802 -06:00 [INF] Request starting HTTP/2 CONNECT https://localhost:5001/_blazor?id=EfG3EeyH38DM-1w3rAmNpg - null null
2026-07-02 09:29:34.806 -06:00 [INF] Executing endpoint 'Microsoft.AspNetCore.Routing.RouteEndpoint'
2026-07-02 09:29:34.849 -06:00 [INF] Request starting HTTP/2 GET https://localhost:5001/productitems - null null
2026-07-02 09:29:34.858 -06:00 [INF] Executing endpoint '/productitems (/productitems)'
2026-07-02 09:29:35.674 -06:00 [INF] Executed endpoint '/productitems (/productitems)'
2026-07-02 09:29:35.679 -06:00 [INF] HTTP GET /productitems responded 200 in 821.1114 ms
2026-07-02 09:29:35.683 -06:00 [INF] Request starting HTTP/2 POST https://localhost:5001/_blazor/disconnect - multipart/form-data; boundary=----WebKitFormBoundarypcICApBWO5BU59ja 359
2026-07-02 09:29:35.709 -06:00 [INF] Executing endpoint 'Microsoft.AspNetCore.Routing.RouteEndpoint'
2026-07-02 09:29:35.719 -06:00 [INF] Request starting HTTP/2 GET https://localhost:5001/_content/MudBlazor/MudBlazor.min.css - null null
2026-07-02 09:29:35.720 -06:00 [INF] Executed endpoint 'Microsoft.AspNetCore.Routing.RouteEndpoint'
2026-07-02 09:29:35.736 -06:00 [INF] Request starting HTTP/2 GET https://localhost:5001/css/app.css - null null
2026-07-02 09:29:35.739 -06:00 [INF] HTTP CONNECT /_blazor responded 200 in 963.0318 ms
2026-07-02 09:29:35.740 -06:00 [INF] Request starting HTTP/2 GET https://localhost:5001/images/product-details/10446729.jpg - null null
2026-07-02 09:29:35.740 -06:00 [INF] Request starting HTTP/2 GET https://localhost:5001/_framework/blazor.web.js - null null
2026-07-02 09:29:35.741 -06:00 [INF] Request starting HTTP/2 GET https://localhost:5001/_content/MudBlazor/MudBlazor.min.js - null null
2026-07-02 09:29:35.741 -06:00 [INF] Executing endpoint 'Microsoft.AspNetCore.Routing.RouteEndpoint'
2026-07-02 09:29:35.750 -06:00 [INF] Request finished HTTP/2 GET https://localhost:5001/productitems - 200 null text/html; charset=utf-8 900.9108ms
2026-07-02 09:29:35.753 -06:00 [INF] Executing endpoint 'Microsoft.AspNetCore.Routing.RouteEndpoint'
2026-07-02 09:29:35.756 -06:00 [INF] Request finished HTTP/2 CONNECT https://localhost:5001/_blazor?id=x-AXYethFgDzpNcsaPIVeg - 200 null null 992.7915ms
2026-07-02 09:29:35.757 -06:00 [INF] Executed endpoint 'Microsoft.AspNetCore.Routing.RouteEndpoint'
2026-07-02 09:29:35.762 -06:00 [INF] Executing endpoint 'Microsoft.AspNetCore.Routing.RouteEndpoint'
2026-07-02 09:29:35.771 -06:00 [INF] Executing endpoint 'Microsoft.AspNetCore.Routing.RouteEndpoint'
2026-07-02 09:29:35.772 -06:00 [INF] Executing endpoint 'Microsoft.AspNetCore.Routing.RouteEndpoint'
2026-07-02 09:29:35.774 -06:00 [INF] The file _content/MudBlazor/MudBlazor.min.css was not modified
2026-07-02 09:29:35.782 -06:00 [INF] The file css/app.css was not modified
2026-07-02 09:29:35.790 -06:00 [INF] HTTP POST /_blazor/disconnect responded 200 in 81.4844 ms
2026-07-02 09:29:35.792 -06:00 [INF] The file images/product-details/10446729.jpg was not modified
2026-07-02 09:29:35.796 -06:00 [INF] The file _framework/blazor.web.js was not modified
2026-07-02 09:29:35.806 -06:00 [INF] Sending file. Request path: '_content/MudBlazor/MudBlazor.min.js'. Physical path: 'C:\Users\OscarPoveda\Documents\code\ProductCatalog.Blazor\obj\Debug\net10.0\compressed\0wz98yz2xy-{0}-cf158k2j5i-cf158k2j5i.gz'
2026-07-02 09:29:35.806 -06:00 [INF] Executed endpoint 'Microsoft.AspNetCore.Routing.RouteEndpoint'
2026-07-02 09:29:35.811 -06:00 [INF] Executed endpoint 'Microsoft.AspNetCore.Routing.RouteEndpoint'
2026-07-02 09:29:35.819 -06:00 [INF] Request finished HTTP/2 POST https://localhost:5001/_blazor/disconnect - 200 0 null 135.8853ms
2026-07-02 09:29:35.822 -06:00 [INF] Executed endpoint 'Microsoft.AspNetCore.Routing.RouteEndpoint'
2026-07-02 09:29:35.826 -06:00 [INF] Executed endpoint 'Microsoft.AspNetCore.Routing.RouteEndpoint'
2026-07-02 09:29:35.834 -06:00 [INF] Executed endpoint 'Microsoft.AspNetCore.Routing.RouteEndpoint'
2026-07-02 09:29:35.838 -06:00 [INF] HTTP GET /_content/MudBlazor/MudBlazor.min.css responded 304 in 97.0354 ms
2026-07-02 09:29:35.842 -06:00 [INF] HTTP GET /css/app.css responded 304 in 88.9555 ms
2026-07-02 09:29:35.854 -06:00 [INF] HTTP GET /images/product-details/10446729.jpg responded 304 in 92.2334 ms
2026-07-02 09:29:35.855 -06:00 [INF] HTTP GET /_framework/blazor.web.js responded 304 in 84.7580 ms
2026-07-02 09:29:35.857 -06:00 [INF] HTTP GET /_content/MudBlazor/MudBlazor.min.js responded 200 in 84.3223 ms
2026-07-02 09:29:35.859 -06:00 [INF] Request finished HTTP/2 GET https://localhost:5001/_content/MudBlazor/MudBlazor.min.css - 304 null text/css 140.8679ms
2026-07-02 09:29:35.866 -06:00 [INF] Request finished HTTP/2 GET https://localhost:5001/css/app.css - 304 null text/css 129.1809ms
2026-07-02 09:29:35.873 -06:00 [INF] Request finished HTTP/2 GET https://localhost:5001/images/product-details/10446729.jpg - 304 null image/jpeg 132.6199ms
2026-07-02 09:29:35.878 -06:00 [INF] Request finished HTTP/2 GET https://localhost:5001/_framework/blazor.web.js - 304 null text/javascript 138.2943ms
2026-07-02 09:29:35.884 -06:00 [INF] Request finished HTTP/2 GET https://localhost:5001/_content/MudBlazor/MudBlazor.min.js - 200 65700 text/javascript 143.9031ms
2026-07-02 09:29:35.902 -06:00 [INF] Request starting HTTP/2 GET https://localhost:5001/_framework/aspnetcore-browser-refresh.js - null null
2026-07-02 09:29:35.903 -06:00 [INF] Request starting HTTP/2 GET https://localhost:5001/_vs/browserLink - null null
2026-07-02 09:29:35.961 -06:00 [INF] Request starting HTTP/2 GET https://localhost:5001/images/product-details/10446729.jpg - null null
2026-07-02 09:29:35.967 -06:00 [INF] Request finished HTTP/2 GET https://localhost:5001/_framework/aspnetcore-browser-refresh.js - 200 14947 application/javascript; charset=utf-8 64.4715ms
2026-07-02 09:29:35.984 -06:00 [INF] Request finished HTTP/2 GET https://localhost:5001/_vs/browserLink - 200 null text/javascript; charset=UTF-8 81.0582ms
2026-07-02 09:29:35.988 -06:00 [INF] Executing endpoint 'Microsoft.AspNetCore.Routing.RouteEndpoint'
2026-07-02 09:29:36.005 -06:00 [INF] The file images/product-details/10446729.jpg was not modified
2026-07-02 09:29:36.008 -06:00 [INF] Executed endpoint 'Microsoft.AspNetCore.Routing.RouteEndpoint'
2026-07-02 09:29:36.010 -06:00 [INF] HTTP GET /images/product-details/10446729.jpg responded 304 in 21.6202 ms
2026-07-02 09:29:36.014 -06:00 [INF] Request finished HTTP/2 GET https://localhost:5001/images/product-details/10446729.jpg - 304 null image/jpeg 53.0753ms
2026-07-02 09:29:36.099 -06:00 [INF] Request starting HTTP/2 GET https://localhost:5001/_blazor/initializers - null null
2026-07-02 09:29:36.109 -06:00 [INF] Executing endpoint 'Microsoft.AspNetCore.Routing.RouteEndpoint'
2026-07-02 09:29:36.115 -06:00 [INF] Executed endpoint 'Microsoft.AspNetCore.Routing.RouteEndpoint'
2026-07-02 09:29:36.121 -06:00 [INF] HTTP GET /_blazor/initializers responded 200 in 11.9116 ms
2026-07-02 09:29:36.128 -06:00 [INF] Request finished HTTP/2 GET https://localhost:5001/_blazor/initializers - 200 null application/json; charset=utf-8 28.6916ms
2026-07-02 09:29:37.800 -06:00 [INF] Request starting HTTP/2 POST https://localhost:5001/_blazor/negotiate?negotiateVersion=1 - null 0
2026-07-02 09:29:37.806 -06:00 [INF] Executing endpoint 'Microsoft.AspNetCore.Routing.RouteEndpoint'
2026-07-02 09:29:37.809 -06:00 [INF] Executed endpoint 'Microsoft.AspNetCore.Routing.RouteEndpoint'
2026-07-02 09:29:37.812 -06:00 [INF] HTTP POST /_blazor/negotiate responded 200 in 5.6264 ms
2026-07-02 09:29:37.816 -06:00 [INF] Request finished HTTP/2 POST https://localhost:5001/_blazor/negotiate?negotiateVersion=1 - 200 316 application/json 15.3927ms
2026-07-02 09:29:37.833 -06:00 [INF] Request starting HTTP/2 CONNECT https://localhost:5001/_blazor?id=telb7kLY3aWkjGB2pMu3rg - null null
2026-07-02 09:29:37.841 -06:00 [INF] Executing endpoint 'Microsoft.AspNetCore.Routing.RouteEndpoint'
2026-07-02 09:29:40.711 -06:00 [INF] Request starting HTTP/2 POST https://localhost:5001/_blazor/disconnect - multipart/form-data; boundary=----WebKitFormBoundaryqqxnuxBTDlj3hDcH 359
2026-07-02 09:29:40.721 -06:00 [INF] Executing endpoint 'Microsoft.AspNetCore.Routing.RouteEndpoint'
2026-07-02 09:29:40.739 -06:00 [INF] Executed endpoint 'Microsoft.AspNetCore.Routing.RouteEndpoint'
2026-07-02 09:29:40.742 -06:00 [INF] HTTP CONNECT /_blazor responded 200 in 5936.2443 ms
2026-07-02 09:29:40.754 -06:00 [INF] Request finished HTTP/2 CONNECT https://localhost:5001/_blazor?id=EfG3EeyH38DM-1w3rAmNpg - 200 null null 5951.7027ms
2026-07-02 09:29:40.755 -06:00 [INF] Executed endpoint 'Microsoft.AspNetCore.Routing.RouteEndpoint'
2026-07-02 09:29:40.770 -06:00 [INF] HTTP POST /_blazor/disconnect responded 200 in 50.1613 ms
2026-07-02 09:29:40.778 -06:00 [INF] Request finished HTTP/2 POST https://localhost:5001/_blazor/disconnect - 200 0 null 67.3144ms
2026-07-02 09:29:41.713 -06:00 [INF] Request starting HTTP/2 POST https://localhost:5001/_blazor/disconnect - multipart/form-data; boundary=----WebKitFormBoundary1o2jp340jbiZpbxx 359
2026-07-02 09:29:41.722 -06:00 [INF] Executing endpoint 'Microsoft.AspNetCore.Routing.RouteEndpoint'
2026-07-02 09:29:41.731 -06:00 [INF] Executed endpoint 'Microsoft.AspNetCore.Routing.RouteEndpoint'
2026-07-02 09:29:41.736 -06:00 [INF] HTTP POST /_blazor/disconnect responded 200 in 13.1644 ms
2026-07-02 09:29:41.744 -06:00 [INF] Request finished HTTP/2 POST https://localhost:5001/_blazor/disconnect - 200 0 null 30.7268ms
2026-07-02 09:29:41.747 -06:00 [INF] Executed endpoint 'Microsoft.AspNetCore.Routing.RouteEndpoint'
2026-07-02 09:29:41.773 -06:00 [INF] HTTP CONNECT /_blazor responded 200 in 3932.4355 ms
2026-07-02 09:29:41.784 -06:00 [INF] Request finished HTTP/2 CONNECT https://localhost:5001/_blazor?id=telb7kLY3aWkjGB2pMu3rg - 200 null null 3951.2435ms
2026-07-02 09:29:45.112 -06:00 [INF] Application is shutting down...
2026-07-02 09:31:39.231 -06:00 [INF] Saved 161 entities to in-memory store.
2026-07-02 09:31:39.285 -06:00 [INF] User profile is available. Using 'C:\Users\OscarPoveda\AppData\Local\ASP.NET\DataProtection-Keys' as key repository and Windows DPAPI to encrypt keys at rest.
2026-07-02 09:31:39.424 -06:00 [INF] Now listening on: https://localhost:5001
2026-07-02 09:31:39.425 -06:00 [INF] Now listening on: http://localhost:5000
2026-07-02 09:31:39.428 -06:00 [INF] Application started. Press Ctrl+C to shut down.
2026-07-02 09:31:39.428 -06:00 [INF] Hosting environment: Development
2026-07-02 09:31:39.429 -06:00 [INF] Content root path: C:\Users\OscarPoveda\Documents\code\tailwind-product_catalog-Blazor
2026-07-02 09:31:57.276 -06:00 [INF] Request starting HTTP/2 GET https://localhost:5001/ - null null
2026-07-02 09:31:57.389 -06:00 [INF] Executing endpoint '/ (/)'
2026-07-02 09:31:57.952 -06:00 [INF] Executed endpoint '/ (/)'
2026-07-02 09:31:57.957 -06:00 [INF] HTTP GET / responded 200 in 575.6816 ms
2026-07-02 09:31:57.966 -06:00 [INF] Request starting HTTP/2 GET https://localhost:5001/_content/MudBlazor/MudBlazor.min.css - null null
2026-07-02 09:31:57.966 -06:00 [INF] Request starting HTTP/2 GET https://localhost:5001/css/app.css - null null
2026-07-02 09:31:57.966 -06:00 [INF] Request starting HTTP/2 GET https://localhost:5001/_content/MudBlazor/MudBlazor.min.js - null null
2026-07-02 09:31:57.966 -06:00 [INF] Request starting HTTP/2 GET https://localhost:5001/_framework/blazor.web.js - null null
2026-07-02 09:31:57.978 -06:00 [INF] Executing endpoint 'Microsoft.AspNetCore.Routing.RouteEndpoint'
2026-07-02 09:31:57.978 -06:00 [INF] Executing endpoint 'Microsoft.AspNetCore.Routing.RouteEndpoint'
2026-07-02 09:31:57.982 -06:00 [INF] Executing endpoint 'Microsoft.AspNetCore.Routing.RouteEndpoint'
2026-07-02 09:31:57.987 -06:00 [INF] Executing endpoint 'Microsoft.AspNetCore.Routing.RouteEndpoint'
2026-07-02 09:31:58.001 -06:00 [INF] The file _framework/blazor.web.js was not modified
2026-07-02 09:31:58.001 -06:00 [INF] The file _content/MudBlazor/MudBlazor.min.css was not modified
2026-07-02 09:31:58.001 -06:00 [INF] The file css/app.css was not modified
2026-07-02 09:31:58.004 -06:00 [INF] Executed endpoint 'Microsoft.AspNetCore.Routing.RouteEndpoint'
2026-07-02 09:31:58.005 -06:00 [INF] Executed endpoint 'Microsoft.AspNetCore.Routing.RouteEndpoint'
2026-07-02 09:31:58.005 -06:00 [INF] Executed endpoint 'Microsoft.AspNetCore.Routing.RouteEndpoint'
2026-07-02 09:31:58.006 -06:00 [INF] HTTP GET /_framework/blazor.web.js responded 304 in 19.2755 ms
2026-07-02 09:31:58.007 -06:00 [INF] HTTP GET /_content/MudBlazor/MudBlazor.min.css responded 304 in 30.1135 ms
2026-07-02 09:31:58.008 -06:00 [INF] HTTP GET /css/app.css responded 304 in 31.0719 ms
2026-07-02 09:31:58.010 -06:00 [INF] Request finished HTTP/2 GET https://localhost:5001/ - 200 null text/html; charset=utf-8 735.4878ms
2026-07-02 09:31:58.010 -06:00 [INF] Request finished HTTP/2 GET https://localhost:5001/_framework/blazor.web.js - 304 null text/javascript 44.2067ms
2026-07-02 09:31:58.012 -06:00 [INF] Request finished HTTP/2 GET https://localhost:5001/_content/MudBlazor/MudBlazor.min.css - 304 null text/css 46.2895ms
2026-07-02 09:31:58.018 -06:00 [INF] Request finished HTTP/2 GET https://localhost:5001/css/app.css - 304 null text/css 51.9751ms
2026-07-02 09:31:58.024 -06:00 [INF] Sending file. Request path: '_content/MudBlazor/MudBlazor.min.js'. Physical path: 'C:\Users\OscarPoveda\Documents\code\tailwind-product_catalog-Blazor\obj\Debug\net10.0\compressed\0wz98yz2xy-{0}-cf158k2j5i-cf158k2j5i.gz'
2026-07-02 09:31:58.040 -06:00 [INF] Executed endpoint 'Microsoft.AspNetCore.Routing.RouteEndpoint'
2026-07-02 09:31:58.041 -06:00 [INF] HTTP GET /_content/MudBlazor/MudBlazor.min.js responded 200 in 59.3414 ms
2026-07-02 09:31:58.043 -06:00 [INF] Request finished HTTP/2 GET https://localhost:5001/_content/MudBlazor/MudBlazor.min.js - 200 65700 text/javascript 77.7313ms
2026-07-02 09:31:58.060 -06:00 [INF] Request starting HTTP/2 GET https://localhost:5001/_blazor/initializers - null null
2026-07-02 09:31:58.070 -06:00 [INF] Executing endpoint 'Microsoft.AspNetCore.Routing.RouteEndpoint'
2026-07-02 09:31:58.078 -06:00 [INF] Executed endpoint 'Microsoft.AspNetCore.Routing.RouteEndpoint'
2026-07-02 09:31:58.080 -06:00 [INF] HTTP GET /_blazor/initializers responded 200 in 10.0675 ms
2026-07-02 09:31:58.082 -06:00 [INF] Request finished HTTP/2 GET https://localhost:5001/_blazor/initializers - 200 null application/json; charset=utf-8 22.5885ms
2026-07-02 09:31:58.391 -06:00 [INF] Request starting HTTP/2 POST https://localhost:5001/_blazor/negotiate?negotiateVersion=1 - null 0
2026-07-02 09:31:58.398 -06:00 [INF] Executing endpoint 'Microsoft.AspNetCore.Routing.RouteEndpoint'
2026-07-02 09:31:58.411 -06:00 [INF] Executed endpoint 'Microsoft.AspNetCore.Routing.RouteEndpoint'
2026-07-02 09:31:58.414 -06:00 [INF] HTTP POST /_blazor/negotiate responded 200 in 16.5589 ms
2026-07-02 09:31:58.417 -06:00 [INF] Request finished HTTP/2 POST https://localhost:5001/_blazor/negotiate?negotiateVersion=1 - 200 316 application/json 26.0612ms
2026-07-02 09:31:58.420 -06:00 [INF] Request starting HTTP/2 CONNECT https://localhost:5001/_blazor?id=7o1g24NbNwFMTHXw3vZ6Xw - null null
2026-07-02 09:31:58.425 -06:00 [INF] Executing endpoint 'Microsoft.AspNetCore.Routing.RouteEndpoint'
2026-07-02 09:32:14.577 -06:00 [INF] Request starting HTTP/2 POST https://localhost:5001/_blazor/disconnect - multipart/form-data; boundary=----WebKitFormBoundaryn1XMHelRQKvn95GX 359
2026-07-02 09:32:14.581 -06:00 [INF] Executed endpoint 'Microsoft.AspNetCore.Routing.RouteEndpoint'
2026-07-02 09:32:14.581 -06:00 [INF] Executing endpoint 'Microsoft.AspNetCore.Routing.RouteEndpoint'
2026-07-02 09:32:14.584 -06:00 [INF] HTTP CONNECT /_blazor responded 200 in 16158.3413 ms
2026-07-02 09:32:14.587 -06:00 [INF] Request finished HTTP/2 CONNECT https://localhost:5001/_blazor?id=7o1g24NbNwFMTHXw3vZ6Xw - 200 null null 16167.0383ms
2026-07-02 09:32:14.616 -06:00 [INF] Executed endpoint 'Microsoft.AspNetCore.Routing.RouteEndpoint'
2026-07-02 09:32:14.617 -06:00 [INF] HTTP POST /_blazor/disconnect responded 200 in 36.1446 ms
2026-07-02 09:32:14.619 -06:00 [INF] Request finished HTTP/2 POST https://localhost:5001/_blazor/disconnect - 200 0 null 41.4934ms
2026-07-02 09:32:22.709 -06:00 [INF] Request starting HTTP/2 GET https://localhost:5001/health - null null
2026-07-02 09:32:22.722 -06:00 [INF] Executing endpoint 'Health checks'
2026-07-02 09:32:22.744 -06:00 [INF] Executed endpoint 'Health checks'
2026-07-02 09:32:22.747 -06:00 [INF] HTTP GET /health responded 200 in 25.4606 ms
2026-07-02 09:32:22.752 -06:00 [INF] Request finished HTTP/2 GET https://localhost:5001/health - 200 null text/plain 42.9785ms
2026-07-02 09:32:27.249 -06:00 [INF] Request starting HTTP/2 GET https://localhost:5001/ - null null
2026-07-02 09:32:27.259 -06:00 [INF] Executing endpoint '/ (/)'
2026-07-02 09:32:27.335 -06:00 [INF] Executed endpoint '/ (/)'
2026-07-02 09:32:27.339 -06:00 [INF] HTTP GET / responded 200 in 80.6775 ms
2026-07-02 09:32:27.347 -06:00 [INF] Request finished HTTP/2 GET https://localhost:5001/ - 200 null text/html; charset=utf-8 98.7613ms
2026-07-02 09:32:27.378 -06:00 [INF] Request starting HTTP/2 GET https://localhost:5001/_content/MudBlazor/MudBlazor.min.css - null null
2026-07-02 09:32:27.378 -06:00 [INF] Request starting HTTP/2 GET https://localhost:5001/css/app.css - null null
2026-07-02 09:32:27.380 -06:00 [INF] Request starting HTTP/2 GET https://localhost:5001/_framework/blazor.web.js - null null
2026-07-02 09:32:27.380 -06:00 [INF] Request starting HTTP/2 GET https://localhost:5001/_content/MudBlazor/MudBlazor.min.js - null null
2026-07-02 09:32:27.394 -06:00 [INF] Executing endpoint 'Microsoft.AspNetCore.Routing.RouteEndpoint'
2026-07-02 09:32:27.399 -06:00 [INF] Executing endpoint 'Microsoft.AspNetCore.Routing.RouteEndpoint'
2026-07-02 09:32:27.408 -06:00 [INF] Executing endpoint 'Microsoft.AspNetCore.Routing.RouteEndpoint'
2026-07-02 09:32:27.409 -06:00 [INF] Executing endpoint 'Microsoft.AspNetCore.Routing.RouteEndpoint'
2026-07-02 09:32:27.412 -06:00 [INF] The file _content/MudBlazor/MudBlazor.min.css was not modified
2026-07-02 09:32:27.414 -06:00 [INF] The file css/app.css was not modified
2026-07-02 09:32:27.417 -06:00 [INF] The file _framework/blazor.web.js was not modified
2026-07-02 09:32:27.422 -06:00 [INF] Executed endpoint 'Microsoft.AspNetCore.Routing.RouteEndpoint'
2026-07-02 09:32:27.427 -06:00 [INF] Executed endpoint 'Microsoft.AspNetCore.Routing.RouteEndpoint'
2026-07-02 09:32:27.430 -06:00 [INF] Executed endpoint 'Microsoft.AspNetCore.Routing.RouteEndpoint'
2026-07-02 09:32:27.433 -06:00 [INF] HTTP GET /_content/MudBlazor/MudBlazor.min.css responded 304 in 39.2693 ms
2026-07-02 09:32:27.438 -06:00 [INF] HTTP GET /css/app.css responded 304 in 39.9139 ms
2026-07-02 09:32:27.442 -06:00 [INF] Sending file. Request path: '_content/MudBlazor/MudBlazor.min.js'. Physical path: 'C:\Users\OscarPoveda\Documents\code\tailwind-product_catalog-Blazor\obj\Debug\net10.0\compressed\0wz98yz2xy-{0}-cf158k2j5i-cf158k2j5i.gz'
2026-07-02 09:32:27.442 -06:00 [INF] HTTP GET /_framework/blazor.web.js responded 304 in 33.9090 ms
2026-07-02 09:32:27.446 -06:00 [INF] Request finished HTTP/2 GET https://localhost:5001/_content/MudBlazor/MudBlazor.min.css - 304 null text/css 67.1381ms
2026-07-02 09:32:27.451 -06:00 [INF] Request finished HTTP/2 GET https://localhost:5001/css/app.css - 304 null text/css 72.2229ms
2026-07-02 09:32:27.459 -06:00 [INF] Executed endpoint 'Microsoft.AspNetCore.Routing.RouteEndpoint'
2026-07-02 09:32:27.466 -06:00 [INF] Request finished HTTP/2 GET https://localhost:5001/_framework/blazor.web.js - 304 null text/javascript 86.1509ms
2026-07-02 09:32:27.487 -06:00 [INF] HTTP GET /_content/MudBlazor/MudBlazor.min.js responded 200 in 78.0724 ms
2026-07-02 09:32:27.495 -06:00 [INF] Request finished HTTP/2 GET https://localhost:5001/_content/MudBlazor/MudBlazor.min.js - 200 65700 text/javascript 115.3178ms
2026-07-02 09:32:27.510 -06:00 [INF] Request starting HTTP/2 GET https://localhost:5001/_blazor/initializers - null null
2026-07-02 09:32:27.517 -06:00 [INF] Executing endpoint 'Microsoft.AspNetCore.Routing.RouteEndpoint'
2026-07-02 09:32:27.519 -06:00 [INF] Executed endpoint 'Microsoft.AspNetCore.Routing.RouteEndpoint'
2026-07-02 09:32:27.521 -06:00 [INF] HTTP GET /_blazor/initializers responded 200 in 4.9992 ms
2026-07-02 09:32:27.525 -06:00 [INF] Request finished HTTP/2 GET https://localhost:5001/_blazor/initializers - 200 null application/json; charset=utf-8 14.5728ms
2026-07-02 09:32:27.762 -06:00 [INF] Request starting HTTP/2 POST https://localhost:5001/_blazor/negotiate?negotiateVersion=1 - null 0
2026-07-02 09:32:27.766 -06:00 [INF] Executing endpoint 'Microsoft.AspNetCore.Routing.RouteEndpoint'
2026-07-02 09:32:27.767 -06:00 [INF] Executed endpoint 'Microsoft.AspNetCore.Routing.RouteEndpoint'
2026-07-02 09:32:27.768 -06:00 [INF] HTTP POST /_blazor/negotiate responded 200 in 2.6077 ms
2026-07-02 09:32:27.771 -06:00 [INF] Request finished HTTP/2 POST https://localhost:5001/_blazor/negotiate?negotiateVersion=1 - 200 316 application/json 8.4854ms
2026-07-02 09:32:27.774 -06:00 [INF] Request starting HTTP/2 CONNECT https://localhost:5001/_blazor?id=WSR7ewHuLXI5Rb5DQNWeqQ - null null
2026-07-02 09:32:27.776 -06:00 [INF] Executing endpoint 'Microsoft.AspNetCore.Routing.RouteEndpoint'
2026-07-02 09:32:29.767 -06:00 [INF] Executed endpoint 'Microsoft.AspNetCore.Routing.RouteEndpoint'
2026-07-02 09:32:29.773 -06:00 [INF] HTTP CONNECT /_blazor responded 200 in 1996.5672 ms
2026-07-02 09:32:29.780 -06:00 [INF] Request finished HTTP/2 CONNECT https://localhost:5001/_blazor?id=WSR7ewHuLXI5Rb5DQNWeqQ - 200 null null 2006.4058ms
2026-07-02 09:32:29.800 -06:00 [INF] Request starting HTTP/2 POST https://localhost:5001/_blazor/disconnect - multipart/form-data; boundary=----WebKitFormBoundaryPvbvT48lavwbdPSB 359
2026-07-02 09:32:29.813 -06:00 [INF] Executing endpoint 'Microsoft.AspNetCore.Routing.RouteEndpoint'
2026-07-02 09:32:29.822 -06:00 [INF] Executed endpoint 'Microsoft.AspNetCore.Routing.RouteEndpoint'
2026-07-02 09:32:29.826 -06:00 [INF] HTTP POST /_blazor/disconnect responded 200 in 13.7098 ms
2026-07-02 09:32:29.831 -06:00 [INF] Request finished HTTP/2 POST https://localhost:5001/_blazor/disconnect - 200 0 null 30.5325ms
2026-07-02 09:32:36.690 -06:00 [INF] Application is shutting down...
